[2026-03-26 16:43:44] INFO - ════════════════════════════════════════════════════════════════════════════════
[2026-03-26 16:43:44] INFO - EXECUTION STARTED
[2026-03-26 16:43:44] INFO - Timestamp: 2026-03-26 16:43:44
[2026-03-26 16:43:44] INFO - Rule ID: 5 rules | Type: Bulk Execution | Table: Multiple
[2026-03-26 16:43:44] INFO - Max Workers: 5 | Pool Size: 10
[2026-03-26 16:43:44] INFO - ────────────────────────────────────────────────────────────────────────────────
[2026-03-26 16:43:45] INFO - Rule 2800 | Table: dbo.lgm_pls                              | Status: COMPLETED | Rule Type: REFERENTIAL_INTEGRITY
[2026-03-26 16:43:45] INFO - Rule 2801 | Table: dbo.lgm_pls                              | Status: COMPLETED | Rule Type: REFERENTIAL_INTEGRITY
[2026-03-26 16:43:45] INFO - Rule 2803 | Table: dbo.glk                                  | Status: COMPLETED | Rule Type: REFERENTIAL_INTEGRITY
[2026-03-26 16:43:45] INFO - Rule 2804 | Table: dbo.transactions                         | Status: COMPLETED | Rule Type: REFERENTIAL_INTEGRITY
[2026-03-26 16:43:45] INFO - Rule 2805 | Table: dbo.xtd_details                          | Status: COMPLETED | Rule Type: REFERENTIAL_INTEGRITY
[2026-03-26 16:43:45] INFO - ────────────────────────────────────────────────────────────────────────────────
[2026-03-26 16:43:45] INFO - EXECUTION COMPLETED
[2026-03-26 16:43:45] INFO - Total Rules: 5 | Violations Found: 0
[2026-03-26 16:43:45] INFO - Duration: 0.65 seconds
[2026-03-26 16:43:45] INFO - ════════════════════════════════════════════════════════════════════════════════
[2026-03-26 16:43:45] INFO - 
[2026-03-27 09:31:21] INFO - ════════════════════════════════════════════════════════════════════════════════
[2026-03-27 09:31:21] INFO - EXECUTION STARTED
[2026-03-27 09:31:21] INFO - Timestamp: 2026-03-27 09:31:21
[2026-03-27 09:31:21] INFO - Rule ID: 8 rules | Type: Bulk Execution | Table: Multiple
[2026-03-27 09:31:21] INFO - Max Workers: 5 | Pool Size: 10
[2026-03-27 09:31:21] INFO - ────────────────────────────────────────────────────────────────────────────────
[2026-03-27 09:31:21] INFO - ────────────────────────────────────────────────────────────────────────────────
[2026-03-27 09:31:21] INFO - EXECUTION COMPLETED
[2026-03-27 09:31:21] INFO - Total Rules: 8 | Violations Found: 0
[2026-03-27 09:31:21] INFO - Duration: 1382521.67 seconds
[2026-03-27 09:31:21] INFO - ════════════════════════════════════════════════════════════════════════════════
[2026-03-27 09:31:21] INFO - 
[2026-03-30 09:29:39] INFO - ════════════════════════════════════════════════════════════════════════════════
[2026-03-30 09:29:39] INFO - EXECUTION STARTED
[2026-03-30 09:29:39] INFO - Timestamp: 2026-03-30 09:29:39
[2026-03-30 09:29:39] INFO - Rule ID: 9 rules | Type: Bulk Execution | Table: Multiple
[2026-03-30 09:29:39] INFO - Max Workers: 8 | Pool Size: 14
[2026-03-30 09:29:39] INFO - ────────────────────────────────────────────────────────────────────────────────
[2026-03-30 09:29:39] INFO - ────────────────────────────────────────────────────────────────────────────────
[2026-03-30 09:29:39] INFO - EXECUTION COMPLETED
[2026-03-30 09:29:39] INFO - Total Rules: 9 | Violations Found: 0
[2026-03-30 09:29:39] INFO - Duration: 247826.66 seconds
[2026-03-30 09:29:39] INFO - ════════════════════════════════════════════════════════════════════════════════
[2026-03-30 09:29:39] INFO - 
[2026-04-01 11:12:35] INFO - ════════════════════════════════════════════════════════════════════════════════
[2026-04-01 11:12:35] INFO - EXECUTION STARTED
[2026-04-01 11:12:35] INFO - Timestamp: 2026-04-01 11:12:35
[2026-04-01 11:12:35] INFO - Rule ID: 7 rules | Type: Bulk Execution | Table: Multiple
[2026-04-01 11:12:35] INFO - Max Workers: 4 | Pool Size: 50
[2026-04-01 11:12:35] INFO - ────────────────────────────────────────────────────────────────────────────────
[2026-04-01 11:12:35] INFO - ────────────────────────────────────────────────────────────────────────────────
[2026-04-01 11:12:35] INFO - EXECUTION COMPLETED
[2026-04-01 11:12:35] INFO - Total Rules: 7 | Violations Found: 0
[2026-04-01 11:12:35] INFO - Duration: 95633.17 seconds
[2026-04-01 11:12:35] INFO - ════════════════════════════════════════════════════════════════════════════════
[2026-04-01 11:12:35] INFO - 
